<?xml version="1.0" encoding="UTF-8"?><testsuite errors="0" failures="1" name="HU-003 Buscador Adidas Background" skipped="0" tests="3" time="187.18" timestamp="2021-06-13 01:05:00"><testcase name="Buscar producto en Adidas"/><testcase name="Buscar producto en Adidas exitoso"/><testcase name="Buscar producto en Adidas fallido"><failure message="&#10;Expected: an element that is visible&#10;     but: no matching element found by xpath: (//span[@title='tenis quesoplus']//ancestor::a)[1]" type="java.lang.AssertionError">
Expected: an element that is visible
     but: no matching element found by xpath: (//span[@title='tenis quesoplus']//ancestor::a)[1]</failure><system-err>
Expected: an element that is visible
     but: no matching element found by xpath: (//span[@title='tenis quesoplus']//ancestor::a)[1]&#13;
tasks.BuscarProductoEnAdidas.performAs(BuscarProductoEnAdidas.java:28)&#13;
stepDefinitions.AdidasBackgroundStepDefinitions.buscarUnProductoEnElBuscador(AdidasBackgroundStepDefinitions.java:26)&#13;
cucumber.runner.Runner.runPickle(Runner.java:80)&#13;
</system-err></testcase></testsuite>